<?xml version="1.0" encoding="UTF-8"?>
<!-- Generated by org.testng.reporters.JUnitReportReporter -->
<testsuite skipped="0" hostname="Admins-MacBook-Pro.local" name="Error_BlankEmail_ForgotPwd" tests="1" failures="0" timestamp="09 Dec 2019 06:39:18 GMT" time="5.475" errors="0">
  <testcase name="testError_EmailBlank_ForgotPwd" time="5.475" classname="Error_BlankEmail_ForgotPwd"/>
</testsuite> <!-- Error_BlankEmail_ForgotPwd -->
