<?xml version="1.0" encoding="UTF-8"?>
<!-- Generated by org.testng.reporters.JUnitReportReporter -->
<testsuite skipped="0" hostname="Admins-MacBook-Pro.local" name="TestSearchProduct" tests="1" failures="0" timestamp="09 Dec 2019 06:39:18 GMT" time="6.759" errors="0">
  <testcase name="testSearchProduct" time="6.759" classname="TestSearchProduct"/>
</testsuite> <!-- TestSearchProduct -->
