<?xml version="1.0" encoding="UTF-8"?>
<!-- Generated by org.testng.reporters.JUnitReportReporter -->
<testsuite skipped="0" hostname="Admins-MacBook-Pro.local" name="TestInvalidUserPassword" tests="1" failures="0" timestamp="09 Dec 2019 06:39:18 GMT" time="3.888" errors="0">
  <testcase name="testInvalidUser" time="3.888" classname="TestInvalidUserPassword"/>
</testsuite> <!-- TestInvalidUserPassword -->
