<?xml version="1.0" encoding="UTF-8"?>
<!-- Generated by org.testng.reporters.JUnitReportReporter -->
<testsuite skipped="0" hostname="Admins-MacBook-Pro.local" name="TestLoginExistingUser" tests="1" failures="0" timestamp="09 Dec 2019 06:39:18 GMT" time="5.002" errors="0">
  <testcase name="testLoginExisting" time="5.002" classname="TestLoginExistingUser"/>
</testsuite> <!-- TestLoginExistingUser -->
